The target system is: Generic - 2.0.99 - arm
The host system is: Windows - 10.0.17763 - AMD64
Compiling the C compiler identification source file "CMakeCCompilerId.c" succeeded.
Compiler: C:/gnuarmemb/bin/arm-none-eabi-gcc.exe 
Build flags: 
Id flags: -c 

The output was:
0


Compilation of the C compiler identification source "CMakeCCompilerId.c" produced "CMakeCCompilerId.o"

The C compiler identification is GNU, found in "D:/software/nrf9160/ncs/nrf/samples/nfc/record_text/build_nrf9160_pca10090ns/CMakeFiles/3.17.0/CompilerIdC/CMakeCCompilerId.o"

Compiling the CXX compiler identification source file "CMakeCXXCompilerId.cpp" succeeded.
Compiler: C:/gnuarmemb/bin/arm-none-eabi-gcc.exe 
Build flags: 
Id flags: -c 

The output was:
0


Compilation of the CXX compiler identification source "CMakeCXXCompilerId.cpp" produced "CMakeCXXCompilerId.o"

The CXX compiler identification is GNU, found in "D:/software/nrf9160/ncs/nrf/samples/nfc/record_text/build_nrf9160_pca10090ns/CMakeFiles/3.17.0/CompilerIdCXX/CMakeCXXCompilerId.o"

Checking whether the ASM compiler is GNU using "--version" matched "(GNU assembler)|(GCC)|(Free Software Foundation)":
arm-none-eabi-gcc.exe (GNU Tools for Arm Embedded Processors 8-2019-q3-update) 8.3.1 20190703 (release) [gcc-8-branch revision 273027]
Copyright (C) 2018 Free Software Foundation, Inc.
This is free software; see the source for copying conditions.  There is NO
warranty; not even for MERCHANTABILITY or FITNESS FOR A PARTICULAR PURPOSE.

Performing C SOURCE FILE Test check_fmacro_prefix_map_D__software_nrf9160_ncs_nrf_samples_nfc_record_text_CMAKE_SOURCE_DIR_C__nostartfiles__nostdlib__isystem__c__gnuarmemb_bin____lib_gcc_arm_none_eabi_8_3_1_include___isystem__c__gnuarmemb_bin____lib_gcc_arm_none_eabi_8_3_1_include_fixed___Wl___unresolved_symbols_ignore_in_object_files__Wl___entry_0 succeeded with the following output:
Change Dir: D:/software/nrf9160/ncs/nrf/samples/nfc/record_text/build_nrf9160_pca10090ns/CMakeFiles/CMakeTmp

Run Build Command(s):C:/ProgramData/chocolatey/bin/ninja.exe cmTC_f030a && [1/2] Building C object CMakeFiles/cmTC_f030a.dir/src.c.obj
[2/2] Linking C executable cmTC_f030a


Source file was:
int main(void) { return 0; }
Performing C SOURCE FILE Test check_fmacro_prefix_map_D__software_nrf9160_ncs_nrf_samples_nfc_record_text_CMAKE_SOURCE_DIR_C__nostartfiles__nostdlib__isystem__c__gnuarmemb_bin____lib_gcc_arm_none_eabi_8_3_1_include___isystem__c__gnuarmemb_bin____lib_gcc_arm_none_eabi_8_3_1_include_fixed___Wl___unresolved_symbols_ignore_in_object_files__Wl___entry_0__nostartfiles__nostdlib__isystem__c__gnuarmemb_bin____lib_gcc_arm_none_eabi_8_3_1_include___isystem__c__gnuarmemb_bin____lib_gcc_arm_none_eabi_8_3_1_include_fixed___isystem__c__gnuarmemb_bin____lib_gcc_arm_none_eabi_8_3_1_include___isystem__c__gnuarmemb_bin____lib_gcc_arm_none_eabi_8_3_1_include_fixed___Wl___unresolved_symbols_ignore_in_object_files__Wl___entry_0 succeeded with the following output:
Change Dir: D:/software/nrf9160/ncs/nrf/samples/nfc/record_text/build_nrf9160_pca10090ns/CMakeFiles/CMakeTmp

Run Build Command(s):C:/ProgramData/chocolatey/bin/ninja.exe cmTC_c50f6 && [1/2] Building C object CMakeFiles/cmTC_c50f6.dir/src.c.obj
[2/2] Linking C executable cmTC_c50f6


Source file was:
int main(void) { return 0; }
Performing C SOURCE FILE Test check_C__nostartfiles__nostdlib__isystem__c__gnuarmemb_bin____lib_gcc_arm_none_eabi_8_3_1_include___isystem__c__gnuarmemb_bin____lib_gcc_arm_none_eabi_8_3_1_include_fixed___Wl___unresolved_symbols_ignore_in_object_files__Wl___entry_0__nostartfiles__nostdlib__isystem__c__gnuarmemb_bin____lib_gcc_arm_none_eabi_8_3_1_include___isystem__c__gnuarmemb_bin____lib_gcc_arm_none_eabi_8_3_1_include_fixed___isystem__c__gnuarmemb_bin____lib_gcc_arm_none_eabi_8_3_1_include___isystem__c__gnuarmemb_bin____lib_gcc_arm_none_eabi_8_3_1_include_fixed___Wl___unresolved_symbols_ignore_in_object_files__Wl___entry_0__Wl___out_implib_D__software_nrf9160_ncs_nrf_samples_nfc_record_text_build_nrf9160_pca10090ns_libspmsecureentries_a succeeded with the following output:
Change Dir: D:/software/nrf9160/ncs/nrf/samples/nfc/record_text/build_nrf9160_pca10090ns/CMakeFiles/CMakeTmp

Run Build Command(s):C:/ProgramData/chocolatey/bin/ninja.exe cmTC_6ff2a && [1/2] Building C object CMakeFiles/cmTC_6ff2a.dir/src.c.obj
[2/2] Linking C executable cmTC_6ff2a


Source file was:
int main(void) { return 0; }
